Traceback (most recent call last):
  File "/home/runner/work/IRanges/IRanges/.tox/docs/lib/python3.12/site-packages/jupyter_core/utils/__init__.py", line 154, in wrapped
    asyncio.get_running_loop()
RuntimeError: no running event loop

During handling of the above exception, another exception occurred:

Traceback (most recent call last):
  File "/home/runner/work/IRanges/IRanges/.tox/docs/lib/python3.12/site-packages/jupyter_cache/executors/utils.py", line 58, in single_nb_execution
    executenb(
  File "/home/runner/work/IRanges/IRanges/.tox/docs/lib/python3.12/site-packages/nbclient/client.py", line 1319, in execute
    return NotebookClient(nb=nb, resources=resources, km=km, **kwargs).execute()
           ^^^^^^^^^^^^^^^^^^^^^^^^^^^^^^^^^^^^^^^^^^^^^^^^^^^^^^^^^^^^^^^^^^^^^
  File "/home/runner/work/IRanges/IRanges/.tox/docs/lib/python3.12/site-packages/jupyter_core/utils/__init__.py", line 158, in wrapped
    return loop.run_until_complete(inner)
           ^^^^^^^^^^^^^^^^^^^^^^^^^^^^^^
  File "/opt/hostedtoolcache/Python/3.12.10/x64/lib/python3.12/asyncio/base_events.py", line 691, in run_until_complete
    return future.result()
           ^^^^^^^^^^^^^^^
  File "/home/runner/work/IRanges/IRanges/.tox/docs/lib/python3.12/site-packages/nbclient/client.py", line 709, in async_execute
    await self.async_execute_cell(
  File "/home/runner/work/IRanges/IRanges/.tox/docs/lib/python3.12/site-packages/nbclient/client.py", line 1062, in async_execute_cell
    await self._check_raise_for_error(cell, cell_index, exec_reply)
  File "/home/runner/work/IRanges/IRanges/.tox/docs/lib/python3.12/site-packages/nbclient/client.py", line 918, in _check_raise_for_error
    raise CellExecutionError.from_cell_and_msg(cell, exec_reply_content)
nbclient.exceptions.CellExecutionError: An error occurred while executing the following cell:
------------------
narrowed = ir.narrow(start=4, width=2)
print(narrowed)
------------------


[31m---------------------------------------------------------------------------[39m
[31mException[39m                                 Traceback (most recent call last)
[36mCell[39m[36m [39m[32mIn[9][39m[32m, line 1[39m
[32m----> [39m[32m1[39m narrowed = [43mir[49m[43m.[49m[43mnarrow[49m[43m([49m[43mstart[49m[43m=[49m[32;43m4[39;49m[43m,[49m[43m [49m[43mwidth[49m[43m=[49m[32;43m2[39;49m[43m)[49m
[32m      2[39m [38;5;28mprint[39m(narrowed)

[36mFile [39m[32m~/work/IRanges/IRanges/.tox/docs/lib/python3.12/site-packages/iranges/IRanges.py:1064[39m, in [36mIRanges.narrow[39m[34m(self, start, width, end, in_place)[39m
[32m   1061[39m     [38;5;28;01mreturn[39;00m output
[32m   1063[39m sew = SEWWrangler(output._width, start, end, width, translate_negative=[38;5;28;01mTrue[39;00m, allow_nonnarrowing=[38;5;28;01mFalse[39;00m)
[32m-> [39m[32m1064[39m window_starts, window_widths = [43msew[49m[43m.[49m[43msolve[49m[43m([49m[43m)[49m
[32m   1066[39m output._start = output._start + window_starts - [32m1[39m
[32m   1067[39m output._width = window_widths

[36mFile [39m[32m~/work/IRanges/IRanges/.tox/docs/lib/python3.12/site-packages/iranges/sew_handler.py:109[39m, in [36mSEWWrangler.solve[39m[34m(self)[39m
[32m    107[39m     out_widths = [38;5;28mself[39m.width
[32m    108[39m     [38;5;66;03m# Validate after computing[39;00m
[32m--> [39m[32m109[39m     [38;5;28;43mself[39;49m[43m.[49m[43m_validate_narrowing[49m[43m([49m[43mout_starts[49m[43m,[49m[43m [49m[43mout_widths[49m[43m)[49m
[32m    111[39m [38;5;28;01melse[39;00m:
[32m    112[39m     [38;5;66;03m# Only width specified[39;00m
[32m    113[39m     out_widths = [38;5;28mself[39m.width

[36mFile [39m[32m~/work/IRanges/IRanges/.tox/docs/lib/python3.12/site-packages/iranges/sew_handler.py:77[39m, in [36mSEWWrangler._validate_narrowing[39m[34m(self, starts, widths)[39m
[32m     75[39m [38;5;28;01mif[39;00m np.any(too_wide):
[32m     76[39m     idx = np.where(too_wide)[[32m0[39m][[32m0[39m]
[32m---> [39m[32m77[39m     [38;5;28;01mraise[39;00m [38;5;167;01mException[39;00m(
[32m     78[39m         [33mf[39m[33m"[39m[33msolving row [39m[38;5;132;01m{[39;00midx[38;5;250m [39m+[38;5;250m [39m[32m1[39m[38;5;132;01m}[39;00m[33m: [39m[33m'[39m[33mallow.nonnarrowing[39m[33m'[39m[33m is FALSE and [39m[33m"[39m
[32m     79[39m         [33mf[39m[33m"[39m[33mthe solved end ([39m[38;5;132;01m{[39;00m[38;5;28mint[39m(ends[idx])[38;5;132;01m}[39;00m[33m) is > refwidth[39m[33m"[39m
[32m     80[39m     )

[31mException[39m: solving row 2: 'allow.nonnarrowing' is FALSE and the solved end (5) is > refwidth

